app/build/outputs/logs/manifest-merger-debug-report.txt
-- Merging decision tree log ---
manifest
ADDED from src/main/AndroidManifest.xml:23:1-148:12
	package
		ADDED from src/main/AndroidManifest.xml:24:5-33
	android:versionName
		ADDED from src/main/AndroidManifest.xml:26:5-42
		INJECTED from src/main/AndroidManifest.xml
		INJECTED from src/main/AndroidManifest.xml
	android:versionCode
		ADDED from src/main/AndroidManifest.xml:25:5-37
		INJECTED from src/main/AndroidManifest.xml
		INJECTED from src/main/AndroidManifest.xml
	xmlns:android
		ADDED from src/main/AndroidManifest.xml:23:11-69
uses-sdk
ADDED from src/main/AndroidManifest.xml:28:5-44
MERGED from [com.android.support:appcompat-v7:24.0.0] AndroidManifest.xml:21:5-23:78
MERGED from [com.android.support:animated-vector-drawable:24.0.0] AndroidManifest.xml:20:5-44
MERGED from [com.android.support:support-vector-drawable:24.0.0] AndroidManifest.xml:21:5-43
MERGED from [com.tcl.update:mie_updateSdk:1.1.0] AndroidManifest.xml:59:5-61:41
MERGED from [ca.barrenechea.header-decor:header-decor:0.2.6] AndroidManifest.xml:23:5-25:41
MERGED from [com.android.support:recyclerview-v7:24.0.0] AndroidManifest.xml:20:5-43
MERGED from [com.android.support:support-v4:24.0.0] AndroidManifest.xml:21:5-23:54
	tools:overrideLibrary
		ADDED from [com.android.support:appcompat-v7:24.0.0] AndroidManifest.xml:23:9-75
	android:targetSdkVersion
		INJECTED from src/main/AndroidManifest.xml
		INJECTED from src/main/AndroidManifest.xml
	android:minSdkVersion
		ADDED from src/main/AndroidManifest.xml:28:15-41
uses-permission#android.permission.ACCESS_NETWORK_STATE
ADDED from src/main/AndroidManifest.xml:29:5-79
	android:name
		ADDED from src/main/AndroidManifest.xml:29:22-76
uses-permission#android.permission.ACCESS_WIFI_STATE
ADDED from src/main/AndroidManifest.xml:30:5-76
	android:name
		ADDED from src/main/AndroidManifest.xml:30:22-73
uses-permission#android.permission.INTERNET
ADDED from src/main/AndroidManifest.xml:31:5-67
	android:name
		ADDED from src/main/AndroidManifest.xml:31:22-64
uses-permission#android.permission.READ_PHONE_STATE
ADDED from src/main/AndroidManifest.xml:32:5-75
	android:name
		ADDED from src/main/AndroidManifest.xml:32:22-72
uses-permission#android.permission.INSTALL_PACKAGES
ADDED from src/main/AndroidManifest.xml:33:5-75
	android:name
		ADDED from src/main/AndroidManifest.xml:33:22-72
uses-permission#android.permission.RECEIVE_BOOT_COMPLETED
ADDED from src/main/AndroidManifest.xml:34:5-81
	android:name
		ADDED from src/main/AndroidManifest.xml:34:22-78
uses-permission#android.permission.GET_TASKS
ADDED from src/main/AndroidManifest.xml:35:5-68
	android:name
		ADDED from src/main/AndroidManifest.xml:35:22-65
android:uses-permission#android.permission.WRITE_EXTERNAL_STORAGE
ADDED from src/main/AndroidManifest.xml:37:5-89
	android:name
		ADDED from src/main/AndroidManifest.xml:37:30-86
android:uses-permission#android.permission.READ_PHONE_STATE
ADDED from src/main/AndroidManifest.xml:38:5-83
	android:name
		ADDED from src/main/AndroidManifest.xml:38:30-80
android:uses-permission#android.permission.READ_EXTERNAL_STORAGE
ADDED from src/main/AndroidManifest.xml:39:5-88
	android:name
		ADDED from src/main/AndroidManifest.xml:39:30-85
uses-permission#android.permission.READ_EXTERNAL_STORAGE
ADDED from src/main/AndroidManifest.xml:51:5-80
	android:name
		ADDED from src/main/AndroidManifest.xml:51:22-77
uses-permission#android.permission.WRITE_EXTERNAL_STORAGE
ADDED from src/main/AndroidManifest.xml:52:5-81
	android:name
		ADDED from src/main/AndroidManifest.xml:52:22-78
application
ADDED from src/main/AndroidManifest.xml:55:5-146:19
MERGED from [com.android.support:appcompat-v7:24.0.0] AndroidManifest.xml:25:5-20
MERGED from [com.android.support:animated-vector-drawable:24.0.0] AndroidManifest.xml:22:5-20
MERGED from [com.android.support:support-vector-drawable:24.0.0] AndroidManifest.xml:23:5-20
MERGED from [ca.barrenechea.header-decor:header-decor:0.2.6] AndroidManifest.xml:27:5-20
MERGED from [com.android.support:support-v4:24.0.0] AndroidManifest.xml:25:5-20
	android:label
		ADDED from src/main/AndroidManifest.xml:59:9-41
	android:allowBackup
		ADDED from src/main/AndroidManifest.xml:58:9-35
	android:icon
		ADDED from src/main/AndroidManifest.xml:57:9-54
	android:theme
		ADDED from src/main/AndroidManifest.xml:60:9-47
	android:name
		ADDED from src/main/AndroidManifest.xml:56:9-46
meta-data#APP_KEY
ADDED from src/main/AndroidManifest.xml:63:9-65:38
	android:value
		ADDED from src/main/AndroidManifest.xml:65:13-35
	android:name
		ADDED from src/main/AndroidManifest.xml:64:13-35
meta-data#CHANNEL
ADDED from src/main/AndroidManifest.xml:66:9-68:39
	android:value
		ADDED from src/main/AndroidManifest.xml:68:13-36
	android:name
		ADDED from src/main/AndroidManifest.xml:67:13-35
meta-data#SERVER_DOMAIN
ADDED from src/main/AndroidManifest.xml:69:9-71:76
	android:value
		ADDED from src/main/AndroidManifest.xml:71:13-74
	android:name
		ADDED from src/main/AndroidManifest.xml:70:13-41
activity#com.tct.calculator.Splash
ADDED from src/main/AndroidManifest.xml:73:9-77:20
	android:screenOrientation
		ADDED from src/main/AndroidManifest.xml:76:13-49
	android:launchMode
		ADDED from src/main/AndroidManifest.xml:75:13-44
	android:theme
		ADDED from src/main/AndroidManifest.xml:74:13-69
	android:name
		ADDED from src/main/AndroidManifest.xml:73:19-41
activity#com.tct.calculator.Calculator
ADDED from src/main/AndroidManifest.xml:79:9-92:20
	android:screenOrientation
		ADDED from src/main/AndroidManifest.xml:82:13-45
	android:label
		ADDED from src/main/AndroidManifest.xml:81:13-45
	android:windowSoftInputMode
		ADDED from src/main/AndroidManifest.xml:83:13-72
	android:configChanges
		ADDED from src/main/AndroidManifest.xml:84:13-74
	android:theme
		ADDED from src/main/AndroidManifest.xml:85:13-52
	android:name
		ADDED from src/main/AndroidManifest.xml:80:13-39
intent-filter#android.intent.action.MAIN+android.intent.category.APP_CALCULATOR+android.intent.category.LAUNCHER
ADDED from src/main/AndroidManifest.xml:87:13-91:29
action#android.intent.action.MAIN
ADDED from src/main/AndroidManifest.xml:88:17-69
	android:name
		ADDED from src/main/AndroidManifest.xml:88:25-66
category#android.intent.category.LAUNCHER
ADDED from src/main/AndroidManifest.xml:89:17-77
	android:name
		ADDED from src/main/AndroidManifest.xml:89:27-74
category#android.intent.category.APP_CALCULATOR
ADDED from src/main/AndroidManifest.xml:90:17-83
	android:name
		ADDED from src/main/AndroidManifest.xml:90:27-80
provider#com.tct.calculator.data.HistoryProvider
ADDED from src/main/AndroidManifest.xml:94:9-96:56
	android:authorities
		ADDED from src/main/AndroidManifest.xml:96:13-53
	android:name
		ADDED from src/main/AndroidManifest.xml:95:13-49
service#com.tcl.statisticsdk.installer.StatService
ADDED from src/main/AndroidManifest.xml:101:9-77
	android:name
		ADDED from src/main/AndroidManifest.xml:101:18-75
service#com.tct.calculator.http.HttpRequestService
ADDED from src/main/AndroidManifest.xml:102:9-59
	android:name
		ADDED from src/main/AndroidManifest.xml:102:18-57
receiver#com.tcl.statisticsdk.installer.StatReceiver
ADDED from src/main/AndroidManifest.xml:103:9-112:20
	android:name
		ADDED from src/main/AndroidManifest.xml:103:19-77
intent-filter#android.intent.action.BOOT_COMPLETED+android.intent.category.LAUNCHER
ADDED from src/main/AndroidManifest.xml:104:13-107:29
action#android.intent.action.BOOT_COMPLETED
ADDED from src/main/AndroidManifest.xml:105:17-79
	android:name
		ADDED from src/main/AndroidManifest.xml:105:25-76
intent-filter#android.intent.action.PACKAGE_REMOVED
ADDED from src/main/AndroidManifest.xml:108:13-111:29
action#android.intent.action.PACKAGE_REMOVED
ADDED from src/main/AndroidManifest.xml:109:17-80
	android:name
		ADDED from src/main/AndroidManifest.xml:109:25-77
data
ADDED from src/main/AndroidManifest.xml:110:17-50
	android:scheme
		ADDED from src/main/AndroidManifest.xml:110:23-47